<?xml version="1.0" encoding="UTF-8"?>
<!-- Generated by org.testng.reporters.JUnitReportReporter -->
<testsuite hostname="INBOOK_X2_SLIM" failures="0" tests="1" name="testcase.CitySelectionTestcase" time="13.097" errors="0" timestamp="2023-10-06T17:04:55 IST" skipped="0">
  <testcase classname="testcase.CitySelectionTestcase" name="runCitySelection" time="13.097"/>
  <system-out/>
</testsuite> <!-- testcase.CitySelectionTestcase -->
